2019-02-01 09:40:54,180 - root - INFO - Started
2019-02-01 09:40:54,181 - root - INFO - Config:
2019-02-01 09:40:54,182 - root - INFO - --------------
2019-02-01 09:40:54,182 - root - INFO - Telegram Bot is: SHCamBot
2019-02-01 09:40:54,183 - root - INFO - Watching: /camera
2019-02-01 09:40:54,183 - root - INFO - Upload to Cloud: True
2019-02-01 09:40:54,184 - root - INFO - Google Drive Folder: /SummerhouseCam
2019-02-01 09:40:54,184 - root - INFO - Notificatons: True
2019-02-01 09:40:54,185 - root - INFO - Motion Detection: True
2019-02-01 09:40:54,185 - root - INFO - Send All Videos (Telegram): True
2019-02-01 09:40:54,186 - root - INFO - Snapshot URL: http://127.0.0.1:8765/picture/1/current/?_username=admin&_signature=e80804f4d65da72640b18b16aabdf6daa150390c
2019-02-01 09:40:54,188 - root - INFO - Wrote initial settings to config now starting main()
2019-02-01 09:40:54,201 - root - INFO - Polling started
2019-02-01 09:40:54,420 - root - INFO - Started Inotify MP4 Watch
2019-02-01 09:40:54,421 - root - INFO - WatchDir Started
2019-02-01 09:41:10,353 - root - INFO - Tele req commandslist
2019-02-01 09:41:12,368 - root - INFO - Tele req showsettings
2019-02-01 09:41:21,460 - root - INFO - tele req report
2019-02-01 09:41:30,023 - telegram.ext.updater - INFO - Received signal 15 (SIGTERM), stopping...
2019-02-01 09:41:31,494 - root - INFO - Finished - now exiting
2019-02-01 09:42:09,782 - root - INFO - Started
2019-02-01 09:42:09,783 - root - INFO - Config:
2019-02-01 09:42:09,783 - root - INFO - --------------
2019-02-01 09:42:09,784 - root - INFO - Telegram Bot is: SHCamBot
2019-02-01 09:42:09,785 - root - INFO - Watching: /camera
2019-02-01 09:42:09,785 - root - INFO - Upload to Cloud: True
2019-02-01 09:42:09,785 - root - INFO - Google Drive Folder: /SummerhouseCam
2019-02-01 09:42:09,786 - root - INFO - Notificatons: True
2019-02-01 09:42:09,786 - root - INFO - Motion Detection: True
2019-02-01 09:42:09,787 - root - INFO - Send All Videos (Telegram): True
2019-02-01 09:42:09,787 - root - INFO - Snapshot URL: http://127.0.0.1:8765/picture/1/current/?_username=admin&_signature=e80804f4d65da72640b18b16aabdf6daa150390c
2019-02-01 09:42:09,790 - root - INFO - Wrote initial settings to config now starting main()
2019-02-01 09:42:09,805 - root - INFO - Polling started
2019-02-01 09:42:09,981 - root - INFO - WatchDir Started
2019-02-01 09:42:09,982 - root - INFO - Started Inotify MP4 Watch
2019-02-01 09:42:10,214 - root - INFO - Tele req commandslist
2019-02-01 09:42:43,711 - root - INFO - Tele req photo
2019-02-01 09:42:43,949 - root - INFO - error getting or saving stream image
2019-02-01 09:42:43,950 - root - INFO - failed to get live or local photo
2019-02-01 09:43:27,456 - root - INFO - Tele req commandslist
2019-02-01 09:43:31,731 - root - INFO - tele req report
2019-02-01 09:43:31,806 - root - INFO - exception getting report
2019-02-01 09:43:38,222 - root - INFO - Tele req share info
2019-02-01 09:44:33,495 - telegram.ext.updater - INFO - Received signal 2 (SIGINT), stopping...
2019-02-01 09:44:38,398 - telegram.ext.updater - WARNING - Exiting immediately!
