2019-02-01 09:44:49,545 - root - INFO - Started
2019-02-01 09:44:49,547 - root - INFO - Config:
2019-02-01 09:44:49,548 - root - INFO - --------------
2019-02-01 09:44:49,548 - root - INFO - Telegram Bot is: SHCamBot
2019-02-01 09:44:49,549 - root - INFO - Watching: /camera
2019-02-01 09:44:49,550 - root - INFO - Upload to Cloud: True
2019-02-01 09:44:49,550 - root - INFO - Google Drive Folder: /SummerhouseCam
2019-02-01 09:44:49,551 - root - INFO - Notificatons: True
2019-02-01 09:44:49,551 - root - INFO - Motion Detection: True
2019-02-01 09:44:49,552 - root - INFO - Send All Videos (Telegram): True
2019-02-01 09:44:49,553 - root - INFO - Snapshot URL: http://127.0.0.1:8765/picture/1/current/?_username=admin&_signature=e80804f4d65da72640b18b16aabdf6daa150390c
2019-02-01 09:44:49,557 - root - INFO - Wrote initial settings to config now starting main()
2019-02-01 09:44:49,577 - root - INFO - Polling started
2019-02-01 09:44:49,767 - root - INFO - WatchDir Started
2019-02-01 09:44:49,767 - root - INFO - Started Inotify MP4 Watch
2019-02-01 09:45:04,272 - root - INFO - tele req report
2019-02-01 09:45:12,533 - root - INFO - Tele req share info
2019-02-01 09:45:15,366 - root - INFO - Tele req share info
2019-02-01 09:45:17,280 - root - INFO - Tele req share info
2019-02-01 09:46:22,029 - root - INFO - Tele req share info
2019-02-01 09:46:25,954 - root - INFO - Tele req photo
2019-02-01 09:46:28,604 - root - INFO - Tele req photo
2019-02-01 09:46:30,142 - root - INFO - Tele req photo
